Email: 1 Power Mart '01 - Register online for your FREE exhibition pass!
Att: image001.gif size: undefined
calling read 1...
bytesRead 1: 120
calling read 2...
bytesRead 2: 120
Email: 2 New OBA's
Att: OBA_2760.doc size: undefined
calling read 1...
bytesRead 1: 8176
calling read 2...
bytesRead 2: 8176
Att: OBA_Amoc.doc size: undefined
calling read 1...
bytesRead 1: 8176
calling read 2...
bytesRead 2: 8176
Att: OBA_Burl.doc size: undefined
calling read 1...
bytesRead 1: 8176
calling read 2...
bytesRead 2: 8176
Att: OBA_CIG_.doc size: undefined
calling read 1...
bytesRead 1: 8176
calling read 2...
bytesRead 2: 8176
Att: OBA_Dyne.doc size: undefined
calling read 1...
bytesRead 1: 8176
calling read 2...
bytesRead 2: 8176
Att: OBA_Dyne.doc size: undefined
calling read 1...
bytesRead 1: 8176
calling read 2...
bytesRead 2: 8176
Att: OBA_Lone.doc size: undefined
calling read 1...
bytesRead 1: 8176
calling read 2...
bytesRead 2: 8176
Att: OBA_NWPL.doc size: undefined
calling read 1...
bytesRead 1: 8176
calling read 2...
bytesRead 2: 8176
Att: OBA_Oasi.doc size: undefined
calling read 1...
bytesRead 1: 8176
calling read 2...
bytesRead 2: 8176
Att: OBA_Panh.doc size: undefined
calling read 1...
bytesRead 1: 8176
calling read 2...
bytesRead 2: 8176
Att: OBA_RedC.doc size: undefined
calling read 1...
bytesRead 1: 8176
calling read 2...
bytesRead 2: 8176
Email: 3 I/B Link Capacity for November and December 2001
Email: 4 West Texas Capacity
Email: 5 EOL Confirmation -Transwestern Pipeline Company
Email: 6 EOL Confirmation -Transwestern Pipeline Company
Email: 7 New PNR points for Transwestern
Email: 8 RR expansion contracts.
Att: RedRockA.xls size: undefined
calling read 1...
bytesRead 1: 8176
calling read 2...
bytesRead 2: 8176
Email: 9 TW EOLs
Att: EOLTWdea.xls size: undefined
calling read 1...
bytesRead 1: 8176
calling read 2...
bytesRead 2: 8176
Email: 10 Bullets 10/26/01
Email: 11 Verify RR expansion cr's for ROFR.
Att: RedRockA.xls size: undefined
calling read 1...
bytesRead 1: 8176
calling read 2...
bytesRead 2: 8176
Email: 12 Red Rock Adm. cr # 27698 revisions.
Email: 13 TW Weekly Report for October 26, 2001
Att: sharris1.xls size: undefined
calling read 1...
bytesRead 1: 8176
calling read 2...
bytesRead 2: 8176
Email: 14 FW: New PNR points for Transwestern
Att: TW_PNR_O.doc size: undefined
calling read 1...
bytesRead 1: 8176
calling read 2...
bytesRead 2: 8176
Email: 15 TW administrative contract # 27698
Email: 16 How to prepare your expense report
Email: 17 eRequest
Att: Navigati.doc size: undefined
calling read 1...
bytesRead 1: 8176
calling read 2...
bytesRead 2: 8176
Email: 18 EnronOnline -Stack Manager Changes
Email: 19 LIM Software Upgrade Notice
Email: 20 Sending customer information from ENVISION
Att: envision.doc size: undefined
calling read 1...
bytesRead 1: 8176
calling read 2...
bytesRead 2: 8176
Email: 21 Email Retention Policy
Email: 22 Supported Internet Email Addresses
Email: 23 Cirque du Soleil - Dralion
Email: 24 Accepted: Updated: Finalize Transwestern Presentations
Email: 25 Fwd: Enjoy fall in an Alamo midsize car -- just $169 a week!
Email: 26 TRIP INFO
Att: TAHOEINF.doc size: undefined
calling read 1...
bytesRead 1: 8176
calling read 2...
bytesRead 2: 8176
Att: tahoe.xls size: undefined
calling read 1...
bytesRead 1: 8176
calling read 2...
bytesRead 2: 8176
Email: 27 Check out page 7!
Att: TWEOL.pdf size: undefined
calling read 1...
bytesRead 1: 8176
calling read 2...
bytesRead 2: 8176
Email: 28 ClickAtHome is Coming Soon!
Email: 29 contact
Email: 30 [Fwd: New email address - again!]
Email: 31 file
Email: 32 An Opportunity to Change Your Electricity Provider
Email: 33 Fwd: RE: Party Request-the Galleria - Sat 8/11/2001 4:00 PM
Email: 34 links
Email: 35 Re: Time Warner Cable question
Email: 36 RE: Good Web
Email: 37 Wedding
Email: 38 Dilbert Strip from Jim is waiting for you!
Email: 39 eBay item 576466888 (Ends Apr-10-01 104814 PDT) - !!!!Green Is In!!!!! Erin Bud
Att: eBayitem.url size: undefined
calling read 1...
bytesRead 1: 204
calling read 2...
bytesRead 2: 204
Email: 40 eBay item 576853567 (Ends Apr-09-01 134449 PDT) - TY Beanie Buddies ERIN Buddy!
Att: eBayitem.url size: undefined
calling read 1...
bytesRead 1: 204
calling read 2...
bytesRead 2: 204
Email: 41 eBay item 577532611 (Ends Apr-09-01 175133 PDT) - VALENTINA BUDDY beanie buddie
Att: eBayitem.url size: undefined
calling read 1...
bytesRead 1: 204
calling read 2...
bytesRead 2: 204
Email: 42 eBay item 577242315 (Ends Apr-12-01 175442 PDT) - Ty Beanie Buddy & Baby - Vale
Att: eBayitem.url size: undefined
calling read 1...
bytesRead 1: 204
calling read 2...
bytesRead 2: 204
Email: 43 scans
Att: Color72d.jpg size: undefined
calling read 1...
bytesRead 1: 8176
calling read 2...
bytesRead 2: 8176
Att: BW72dpij.jpg size: undefined
calling read 1...
bytesRead 1: 8176
calling read 2...
bytesRead 2: 8176
Att: Color300.jpg size: undefined
calling read 1...
bytesRead 1: 8176
calling read 2...
bytesRead 2: 8176
Att: BW300dpi.jpg size: undefined
calling read 1...
bytesRead 1: 8176
calling read 2...
bytesRead 2: 8176
Email: 44 Re: VALENTINA BUDDY beanie buddies RETIRED  Item #577532611
Email: 45 Job Opportunity?
Att: #1.dat size: undefined
calling read 1...
bytesRead 1: 3072
calling read 2...
bytesRead 2: 3072
Email: 46 Quickie
Email: 47 In case you needed to know...
Att: child'sm.gif size: undefined
calling read 1...
bytesRead 1: 8176
calling read 2...
bytesRead 2: 8176
Email: 48 graphic
Att: phone.gif size: undefined
calling read 1...
bytesRead 1: 8176
calling read 2...
bytesRead 2: 8176
Email: 49 RE:FIESTA
Att: ~~DLNK0.URL size: undefined
calling read 1...
bytesRead 1: 64
calling read 2...
bytesRead 2: 64
Email: 50 Houston
Email: 51 California Sing-along
Email: 52 FW: ONEOK ski trip
Att: 017_14A.JPG size: undefined
calling read 1...
bytesRead 1: 8176
calling read 2...
bytesRead 2: 8176
Att: 018_15A.JPG size: undefined
calling read 1...
bytesRead 1: 8176
calling read 2...
bytesRead 2: 8176
Att: 019_16A.JPG size: undefined
calling read 1...
bytesRead 1: 8176
calling read 2...
bytesRead 2: 8176
Att: 020_17A.JPG size: undefined
calling read 1...
bytesRead 1: 8176
calling read 2...
bytesRead 2: 8176
Att: 022_19A.JPG size: undefined
calling read 1...
bytesRead 1: 8176
calling read 2...
bytesRead 2: 8176
Att: 024_21A.JPG size: undefined
calling read 1...
bytesRead 1: 8176
calling read 2...
bytesRead 2: 8176
Att: 025_22A.JPG size: undefined
calling read 1...
bytesRead 1: 8176
calling read 2...
bytesRead 2: 8176
Att: 026_23A.JPG size: undefined
calling read 1...
bytesRead 1: 8176
calling read 2...
bytesRead 2: 8176
Email: 53 FW: ONEOK ski trip
Att: 002_00.JPG size: undefined
calling read 1...
bytesRead 1: 8176
calling read 2...
bytesRead 2: 8176
Att: 004_1A.JPG size: undefined
calling read 1...
bytesRead 1: 8176
calling read 2...
bytesRead 2: 8176
Att: 005_2A.JPG size: undefined
calling read 1...
bytesRead 1: 8176
calling read 2...
bytesRead 2: 8176
Att: 011_8A.JPG size: undefined
calling read 1...
bytesRead 1: 8176
calling read 2...
bytesRead 2: 8176
Att: 012_9A.JPG size: undefined
calling read 1...
bytesRead 1: 8176
calling read 2...
bytesRead 2: 8176
Att: 013_10A.JPG size: undefined
calling read 1...
bytesRead 1: 8176
calling read 2...
bytesRead 2: 8176
Att: 015_12A.JPG size: undefined
calling read 1...
bytesRead 1: 8176
calling read 2...
bytesRead 2: 8176
Att: 016_13A.JPG size: undefined
calling read 1...
bytesRead 1: 8176
calling read 2...
bytesRead 2: 8176
Email: 54 unit for sale
Email: 55 FW: Even For You
Att: ~~DLNK0.URL size: undefined
calling read 1...
bytesRead 1: 55
calling read 2...
bytesRead 2: 55
Att: ~~DLNK1.URL size: undefined
calling read 1...
bytesRead 1: 52
calling read 2...
bytesRead 2: 52
Email: 56 Learn Technical Analysis, Early Bird Special for Houston Class
Att: ~~DLNK0.URL size: undefined
calling read 1...
bytesRead 1: 64
calling read 2...
bytesRead 2: 64
Att: ~~DLNK1.URL size: undefined
calling read 1...
bytesRead 1: 32
calling read 2...
bytesRead 2: 32
Att: ~~DLNK2.URL size: undefined
calling read 1...
bytesRead 1: 35
calling read 2...
bytesRead 2: 35
Att: ~~DLNK3.URL size: undefined
calling read 1...
bytesRead 1: 63
calling read 2...
bytesRead 2: 63
Att: ~~DLNK4.URL size: undefined
calling read 1...
bytesRead 1: 66
calling read 2...
bytesRead 2: 66
Att: ~~DLNK5.URL size: undefined
calling read 1...
bytesRead 1: 67
calling read 2...
bytesRead 2: 67
Att: ~~DLNK6.URL size: undefined
calling read 1...
bytesRead 1: 64
calling read 2...
bytesRead 2: 64
Att: ~~DLNK7.URL size: undefined
calling read 1...
bytesRead 1: 68
calling read 2...
bytesRead 2: 68
Att: ~~DLNK8.URL size: undefined
calling read 1...
bytesRead 1: 64
calling read 2...
bytesRead 2: 64
Att: ~~DLNK9.URL size: undefined
calling read 1...
bytesRead 1: 57
calling read 2...
bytesRead 2: 57
Att: ~~DLNK10.URL size: undefined
calling read 1...
bytesRead 1: 68
calling read 2...
bytesRead 2: 68
Att: ~~DLNK11.URL size: undefined
calling read 1...
bytesRead 1: 32
calling read 2...
bytesRead 2: 32
Email: 57 Lindy's B-day
Email: 58 FW: Breast Cancer
Email: 59 unverified news report
Email: 60 Accomplishments for Year 2001, as of 05/10
Email: 61 Rose Rec
Att: Roserefe.doc size: undefined
calling read 1...
bytesRead 1: 8176
calling read 2...
bytesRead 2: 8176
Email: 62 Voluntary Spyware
Email: 63 Possible Spreadsheet
Att: Michelle.xls size: undefined
calling read 1...
bytesRead 1: 8176
calling read 2...
bytesRead 2: 8176
Email: 64 <<Concur Expense Document>> - Expense060501
Email: 65 Just for fun
Att: ATT00136.gif size: undefined
calling read 1...
bytesRead 1: 8176
calling read 2...
bytesRead 2: 8176
Email: 66 RE: Enron Efforts to the Flood victims
Email: 67 RE: OPEN ENROLLMENT FOR ENRON KIDS' CENTER IS UNDERWAY!!!
Email: 68 
Email: 69 Invitation to Golf Outing
Att: invite20.doc size: undefined
calling read 1...
bytesRead 1: 8176
calling read 2...
bytesRead 2: 8176
Email: 70 GOOD JOB!
Email: 71 PPL EnergyPlus Golf Outing
Att: AreaHote.doc size: undefined
calling read 1...
bytesRead 1: 8176
calling read 2...
bytesRead 2: 8176
Att: brooksid.doc size: undefined
calling read 1...
bytesRead 1: 8176
calling read 2...
bytesRead 2: 8176
DONE walking
